================================================================
  Vivado(TM) HLS - High-Level Synthesis from C, C++ and SystemC
  Version 2017.1
  Build 1846317 on Fri Apr 14 19:19:38 MDT 2017
  Copyright (C) 1986-2017 Xilinx, Inc. All Rights Reserved.
================================================================
INFO: [HLS 200-10] Running 'C:/Xilinx/Vivado_HLS/2017.1/bin/unwrapped/win64.o/vivado_hls.exe'
INFO: [HLS 200-10] For user 'Sharadh' on host 'sharadh-p7560' (Windows NT_amd64 version 6.2) on Wed Mar 30 19:04:37 +0800 2022
INFO: [HLS 200-10] In directory 'D:/Libraries/Desktop/cs5222-lab-fpga/zynq'
.	clhls.tcl can't be opened.
couldn't read file ".	clhls.tcl": no such file or directory
    while executing
"source {.	clhls.tcl}"
    invoked from within
"hls::main .\tcl\hls.tcl"
    ("uplevel" body line 1)
    invoked from within
"uplevel 1 hls::main {*}$args"
    (procedure "hls_proc" line 5)
    invoked from within
"hls_proc $argv"
